<?xml version="1.0" encoding="UTF-8"?>
<!-- Generated by org.testng.reporters.JUnitXMLReporter -->
<testsuite hostname="DESKTOP-I6Q45NM" ignored="0" name="Default test" tests="3" failures="0" timestamp="25 Dec 2019 05:59:00 GMT" time="124.811" errors="0">
  <testcase name="Sign_On" time="40.645" classname="com.mercury.tours.Mercury_SignOn_Parameter_Login_Dataprovider"/>
  <testcase name="Sign_On" time="39.793" classname="com.mercury.tours.Mercury_SignOn_Parameter_Login_Dataprovider"/>
  <testcase name="Sign_On" time="36.819" classname="com.mercury.tours.Mercury_SignOn_Parameter_Login_Dataprovider"/>
</testsuite> <!-- Default test -->
