<?xml version="1.0" encoding="UTF-8"?>
<!-- Generated by org.testng.reporters.JUnitXMLReporter -->
<testsuite hostname="DESKTOP-I6Q45NM" ignored="0" name="Test2" tests="3" failures="0" timestamp="25 Dec 2019 10:21:21 GMT" time="55.855" errors="0">
  <testcase name="Sign_on" time="18.115" classname="com.mercury.tours.Crossbrowser_Testing"/>
  <testcase name="Sign_on" time="18.467" classname="com.mercury.tours.Crossbrowser_Testing"/>
  <testcase name="Sign_on" time="16.569" classname="com.mercury.tours.Crossbrowser_Testing"/>
</testsuite> <!-- Test2 -->
