<?xml version="1.0" encoding="UTF-8"?>
<!-- Generated by org.testng.reporters.JUnitXMLReporter -->
<testsuite hostname="DESKTOP-I6Q45NM" ignored="0" name="Test1" tests="3" failures="0" timestamp="25 Dec 2019 10:22:51 GMT" time="146.028" errors="0">
  <testcase name="Sign_on" time="51.18" classname="com.mercury.tours.Crossbrowser_Testing"/>
  <testcase name="Sign_on" time="46.068" classname="com.mercury.tours.Crossbrowser_Testing"/>
  <testcase name="Sign_on" time="44.018" classname="com.mercury.tours.Crossbrowser_Testing"/>
</testsuite> <!-- Test1 -->
