<?xml version="1.0" encoding="UTF-8"?>
<!-- Generated by org.testng.reporters.JUnitXMLReporter -->
<testsuite hostname="DESKTOP-I6Q45NM" ignored="0" name="Test" tests="3" failures="0" timestamp="25 Dec 2019 10:51:29 GMT" time="25.144" errors="0">
  <testcase name="TestSuite" time="0.008" classname="com.mercury.tours.BatchExecution_smoke"/>
  <testcase name="mouse_hover_action" time="5.994" classname="com.mercury.tours.Drag_and_Drop"/>
  <testcase name="hdfc_login" time="3.338" classname="com.mercury.tours.hdfc_netbanking"/>
</testsuite> <!-- Test -->
