<?xml version="1.0" encoding="UTF-8"?>
<testng-results skipped="0" failed="0" ignored="0" total="3" passed="3">
  <reporter-output>
  </reporter-output>
  <suite name="Default suite" duration-ms="124811" started-at="2019-12-25T05:56:56Z" finished-at="2019-12-25T05:59:00Z">
    <groups>
    </groups>
    <test name="Default test" duration-ms="124811" started-at="2019-12-25T05:56:56Z" finished-at="2019-12-25T05:59:00Z">
      <class name="com.mercury.tours.Mercury_SignOn_Parameter_Login_Dataprovider">
        <test-method status="PASS" signature="Launch_Browser()[pri:0, instance:com.mercury.tours.Mercury_SignOn_Parameter_Login_Dataprovider@1593948d]" name="Launch_Browser" is-config="true" duration-ms="6861" started-at="2019-12-25T11:26:56Z" finished-at="2019-12-25T11:27:02Z">
          <reporter-output>
          </reporter-output>
        </test-method> <!-- Launch_Browser -->
        <test-method status="PASS" signature="Sign_On(java.lang.String, java.lang.String)[pri:0, instance:com.mercury.tours.Mercury_SignOn_Parameter_Login_Dataprovider@1593948d]" name="Sign_On" duration-ms="40645" started-at="2019-12-25T11:27:03Z" data-provider="Login" finished-at="2019-12-25T11:27:43Z">
          <params>
            <param index="0">
              <value>
                <![CDATA[testing]]>
              </value>
            </param>
            <param index="1">
              <value>
                <![CDATA[testing]]>
              </value>
            </param>
          </params>
          <reporter-output>
          </reporter-output>
        </test-method> <!-- Sign_On -->
        <test-method status="PASS" signature="Sign_On(java.lang.String, java.lang.String)[pri:0, instance:com.mercury.tours.Mercury_SignOn_Parameter_Login_Dataprovider@1593948d]" name="Sign_On" duration-ms="39793" started-at="2019-12-25T11:27:43Z" data-provider="Login" finished-at="2019-12-25T11:28:23Z">
          <params>
            <param index="0">
              <value>
                <![CDATA[dixit]]>
              </value>
            </param>
            <param index="1">
              <value>
                <![CDATA[dixit]]>
              </value>
            </param>
          </params>
          <reporter-output>
          </reporter-output>
        </test-method> <!-- Sign_On -->
        <test-method status="PASS" signature="Sign_On(java.lang.String, java.lang.String)[pri:0, instance:com.mercury.tours.Mercury_SignOn_Parameter_Login_Dataprovider@1593948d]" name="Sign_On" duration-ms="36819" started-at="2019-12-25T11:28:23Z" data-provider="Login" finished-at="2019-12-25T11:29:00Z">
          <params>
            <param index="0">
              <value>
                <![CDATA[testabhi]]>
              </value>
            </param>
            <param index="1">
              <value>
                <![CDATA[testabhi]]>
              </value>
            </param>
          </params>
          <reporter-output>
          </reporter-output>
        </test-method> <!-- Sign_On -->
        <test-method status="PASS" signature="close_Browser()[pri:0, instance:com.mercury.tours.Mercury_SignOn_Parameter_Login_Dataprovider@1593948d]" name="close_Browser" is-config="true" duration-ms="635" started-at="2019-12-25T11:29:00Z" finished-at="2019-12-25T11:29:00Z">
          <reporter-output>
          </reporter-output>
        </test-method> <!-- close_Browser -->
      </class> <!-- com.mercury.tours.Mercury_SignOn_Parameter_Login_Dataprovider -->
    </test> <!-- Default test -->
  </suite> <!-- Default suite -->
</testng-results>
